Java HotSpot(TM) 64-Bit Server VM warning: Options -Xverify:none and -noverify were deprecated in JDK 13 and will likely be removed in a future release.
{spring.web.resources.chain.cache=false, spring.web.resources.cache.period=0}

  .   ____          _            __ _ _
 /\\ / ___'_ __ _ _(_)_ __  __ _ \ \ \ \
( ( )\___ | '_ | '_| | '_ \/ _` | \ \ \ \
 \\/  ___)| |_)| | | | | || (_| |  ) ) ) )
  '  |____| .__|_| |_|_| |_\__, | / / / /
 =========|_|==============|___/=/_/_/_/
 :: Spring Boot ::                (v2.4.0)

2020-11-14 17:07:30.161  INFO 16900 --- [  restartedMain] c.m.l.LimitsServiceApplication           : Starting LimitsServiceApplication using Java 15 on LAPTOP-89L750QF with PID 16900 (D:\Microservices\limits-service\target\classes started by ASUS in D:\Microservices\limits-service)
2020-11-14 17:07:30.163  INFO 16900 --- [  restartedMain] c.m.l.LimitsServiceApplication           : No active profile set, falling back to default profiles: default
2020-11-14 17:07:30.193  INFO 16900 --- [  restartedMain] .e.DevToolsPropertyDefaultsPostProcessor : Devtools property defaults active! Set 'spring.devtools.add-properties' to 'false' to disable
2020-11-14 17:07:30.193  INFO 16900 --- [  restartedMain] .e.DevToolsPropertyDefaultsPostProcessor : For additional web related logging consider setting the 'logging.level.web' property to 'DEBUG'
2020-11-14 17:07:30.779  INFO 16900 --- [  restartedMain] o.s.cloud.context.scope.GenericScope     : BeanFactory id=6c0e0dbd-0398-3923-b97e-a1eb3eda3ee2
2020-11-14 17:07:31.093  INFO 16900 --- [  restartedMain] o.s.b.w.embedded.tomcat.TomcatWebServer  : Tomcat initialized with port(s): 8080 (http)
2020-11-14 17:07:31.098  INFO 16900 --- [  restartedMain] o.apache.catalina.core.StandardService   : Starting service [Tomcat]
2020-11-14 17:07:31.098  INFO 16900 --- [  restartedMain] org.apache.catalina.core.StandardEngine  : Starting Servlet engine: [Apache Tomcat/9.0.39]
2020-11-14 17:07:31.164  INFO 16900 --- [  restartedMain] o.a.c.c.C.[Tomcat].[localhost].[/]       : Initializing Spring embedded WebApplicationContext
2020-11-14 17:07:31.165  INFO 16900 --- [  restartedMain] w.s.c.ServletWebServerApplicationContext : Root WebApplicationContext: initialization completed in 971 ms
2020-11-14 17:07:31.341  INFO 16900 --- [  restartedMain] o.s.s.concurrent.ThreadPoolTaskExecutor  : Initializing ExecutorService 'applicationTaskExecutor'
2020-11-14 17:07:31.541  WARN 16900 --- [  restartedMain] o.s.b.d.a.OptionalLiveReloadServer       : Unable to start LiveReload server
2020-11-14 17:07:31.637  INFO 16900 --- [  restartedMain] o.s.b.a.e.web.EndpointLinksResolver      : Exposing 2 endpoint(s) beneath base path '/actuator'
2020-11-14 17:07:31.706  INFO 16900 --- [  restartedMain] o.s.b.w.embedded.tomcat.TomcatWebServer  : Tomcat started on port(s): 8080 (http) with context path ''
2020-11-14 17:07:31.795  INFO 16900 --- [  restartedMain] c.m.l.LimitsServiceApplication           : Started LimitsServiceApplication in 1.906 seconds (JVM running for 2.407)
2020-11-14 17:07:32.820  INFO 16900 --- [on(1)-127.0.0.1] o.a.c.c.C.[Tomcat].[localhost].[/]       : Initializing Spring DispatcherServlet 'dispatcherServlet'
2020-11-14 17:07:32.820  INFO 16900 --- [on(1)-127.0.0.1] o.s.web.servlet.DispatcherServlet        : Initializing Servlet 'dispatcherServlet'
2020-11-14 17:07:32.821  INFO 16900 --- [on(1)-127.0.0.1] o.s.web.servlet.DispatcherServlet        : Completed initialization in 1 ms
